[2019-01-05T17:51:15.271] [DEBUG] cheese - login => username:admin,password:123456
[2019-01-05T17:51:15.279] [DEBUG] cheese - admin
[2019-01-05T17:51:15.348] [DEBUG] cheese - null
[2019-01-05T17:51:15.350] [DEBUG] cheese - null
[2019-01-05T17:56:35.091] [DEBUG] cheese - null
[2019-01-05T17:56:35.101] [DEBUG] cheese - null
[2019-01-05T17:56:40.247] [DEBUG] cheese - null
[2019-01-05T17:56:40.258] [DEBUG] cheese - null
[2019-01-05T17:56:43.910] [DEBUG] cheese - null
[2019-01-05T17:56:43.921] [DEBUG] cheese - null
[2019-01-05T17:56:45.337] [DEBUG] cheese - null
[2019-01-05T17:56:45.347] [DEBUG] cheese - null
[2019-01-05T17:56:48.212] [DEBUG] cheese - null
[2019-01-05T17:56:48.220] [DEBUG] cheese - null
[2019-01-05T17:56:55.906] [DEBUG] cheese - null
[2019-01-05T17:56:55.919] [DEBUG] cheese - null
[2019-01-05T17:57:06.831] [DEBUG] cheese - null
[2019-01-05T17:57:06.838] [DEBUG] cheese - null
[2019-01-05T17:57:07.233] [DEBUG] cheese - null
[2019-01-05T17:57:07.241] [DEBUG] cheese - null
[2019-01-05T17:57:18.283] [DEBUG] cheese - null
[2019-01-05T17:57:18.289] [DEBUG] cheese - null
[2019-01-05T17:57:33.931] [DEBUG] cheese - null
[2019-01-05T17:57:33.941] [DEBUG] cheese - null
[2019-01-05T17:57:38.143] [DEBUG] cheese - null
[2019-01-05T17:57:38.152] [DEBUG] cheese - null
[2019-01-05T17:57:44.156] [DEBUG] cheese - null
[2019-01-05T17:57:44.163] [DEBUG] cheese - null
[2019-01-05T17:58:00.356] [DEBUG] cheese - null
[2019-01-05T17:58:00.364] [DEBUG] cheese - null
[2019-01-05T18:00:19.162] [DEBUG] cheese - null
[2019-01-05T18:00:19.179] [DEBUG] cheese - null
[2019-01-05T18:00:24.845] [DEBUG] cheese - null
[2019-01-05T18:00:24.852] [DEBUG] cheese - null
[2019-01-05T18:00:26.079] [DEBUG] cheese - null
[2019-01-05T18:00:26.085] [DEBUG] cheese - null
[2019-01-05T18:00:26.166] [DEBUG] cheese - null
[2019-01-05T18:00:26.174] [DEBUG] cheese - null
[2019-01-05T18:00:28.651] [DEBUG] cheese - null
[2019-01-05T18:00:28.660] [DEBUG] cheese - null
[2019-01-05T18:00:28.852] [DEBUG] cheese - null
[2019-01-05T18:00:28.863] [DEBUG] cheese - null
[2019-01-05T18:00:34.164] [DEBUG] cheese - null
[2019-01-05T18:00:34.172] [DEBUG] cheese - null
[2019-01-05T18:00:38.927] [DEBUG] cheese - null
[2019-01-05T18:00:38.934] [DEBUG] cheese - null
[2019-01-05T18:00:40.754] [DEBUG] cheese - null
[2019-01-05T18:00:40.760] [DEBUG] cheese - null
[2019-01-05T18:11:37.397] [DEBUG] cheese - login => username:xiaoxiao,password:123456
[2019-01-05T18:11:37.397] [DEBUG] cheese - xiaoxiao
[2019-01-05T18:11:37.403] [DEBUG] cheese - null
[2019-01-05T18:11:37.404] [DEBUG] cheese - null
[2019-01-05T18:11:41.589] [DEBUG] cheese - null
[2019-01-05T18:11:41.595] [DEBUG] cheese - null
[2019-01-05T18:28:26.111] [DEBUG] cheese - login => username:admin,password:123456
[2019-01-05T18:28:26.111] [DEBUG] cheese - admin
[2019-01-05T18:28:26.120] [DEBUG] cheese - null
[2019-01-05T18:28:26.120] [DEBUG] cheese - null
[2019-01-05T19:05:15.176] [DEBUG] cheese - null
[2019-01-05T19:05:15.184] [DEBUG] cheese - null
[2019-01-05T19:08:49.208] [DEBUG] cheese - null
[2019-01-05T19:08:49.215] [DEBUG] cheese - null
[2019-01-05T19:09:07.330] [DEBUG] cheese - null
[2019-01-05T19:09:07.338] [DEBUG] cheese - null
[2019-01-05T19:10:36.367] [DEBUG] cheese - null
[2019-01-05T19:10:36.374] [DEBUG] cheese - null
[2019-01-05T19:13:49.650] [DEBUG] cheese - null
[2019-01-05T19:13:49.664] [DEBUG] cheese - null
[2019-01-05T19:14:03.816] [DEBUG] cheese - null
[2019-01-05T19:14:03.827] [DEBUG] cheese - null
[2019-01-05T19:15:47.003] [DEBUG] cheese - null
[2019-01-05T19:15:47.013] [DEBUG] cheese - null
[2019-01-05T19:16:03.529] [DEBUG] cheese - null
[2019-01-05T19:16:03.536] [DEBUG] cheese - null
[2019-01-06T08:43:19.123] [DEBUG] cheese - null
[2019-01-06T08:43:19.142] [DEBUG] cheese - null
[2019-01-06T12:20:45.419] [DEBUG] cheese - null
[2019-01-06T12:20:45.452] [DEBUG] cheese - null
[2019-01-06T12:21:51.266] [DEBUG] cheese - null
[2019-01-06T12:21:51.284] [DEBUG] cheese - null
[2019-01-06T12:21:59.067] [DEBUG] cheese - null
[2019-01-06T12:21:59.078] [DEBUG] cheese - null
[2019-01-06T14:54:14.699] [DEBUG] cheese - null
[2019-01-06T14:54:14.705] [DEBUG] cheese - null
[2019-01-06T14:55:30.433] [DEBUG] cheese - null
[2019-01-06T14:55:30.443] [DEBUG] cheese - null
[2019-01-06T14:57:20.914] [DEBUG] cheese - null
[2019-01-06T14:57:20.923] [DEBUG] cheese - null
[2019-01-06T14:57:37.687] [DEBUG] cheese - null
[2019-01-06T14:57:37.698] [DEBUG] cheese - null
[2019-01-06T14:58:18.995] [DEBUG] cheese - null
[2019-01-06T14:58:19.007] [DEBUG] cheese - null
[2019-01-06T14:58:34.222] [DEBUG] cheese - null
[2019-01-06T14:58:34.233] [DEBUG] cheese - null
[2019-01-06T15:01:08.800] [DEBUG] cheese - null
[2019-01-06T15:01:08.806] [DEBUG] cheese - null
[2019-01-06T15:01:37.162] [DEBUG] cheese - null
[2019-01-06T15:01:37.172] [DEBUG] cheese - null
[2019-01-06T15:05:07.555] [DEBUG] cheese - null
[2019-01-06T15:05:07.563] [DEBUG] cheese - null
[2019-01-06T15:08:28.575] [DEBUG] cheese - null
[2019-01-06T15:08:28.584] [DEBUG] cheese - null
[2019-01-06T15:09:03.565] [DEBUG] cheese - null
[2019-01-06T15:09:03.574] [DEBUG] cheese - null
[2019-01-06T15:10:37.234] [DEBUG] cheese - null
[2019-01-06T15:10:37.242] [DEBUG] cheese - null
[2019-01-06T15:11:00.722] [DEBUG] cheese - null
[2019-01-06T15:11:00.734] [DEBUG] cheese - null
[2019-01-06T15:11:43.366] [DEBUG] cheese - null
[2019-01-06T15:11:43.379] [DEBUG] cheese - null
[2019-01-06T15:12:26.161] [DEBUG] cheese - null
[2019-01-06T15:12:26.171] [DEBUG] cheese - null
[2019-01-06T15:12:45.657] [DEBUG] cheese - null
[2019-01-06T15:12:45.665] [DEBUG] cheese - null
[2019-01-06T15:19:14.194] [DEBUG] cheese - null
[2019-01-06T15:19:14.204] [DEBUG] cheese - null
[2019-01-06T15:23:10.367] [DEBUG] cheese - null
[2019-01-06T15:23:10.375] [DEBUG] cheese - null
[2019-01-06T15:23:17.697] [DEBUG] cheese - null
[2019-01-06T15:23:17.707] [DEBUG] cheese - null
[2019-01-06T15:24:39.357] [DEBUG] cheese - null
[2019-01-06T15:24:39.375] [DEBUG] cheese - null
[2019-01-06T15:24:55.166] [DEBUG] cheese - null
[2019-01-06T15:24:55.173] [DEBUG] cheese - null
[2019-01-06T15:25:17.693] [DEBUG] cheese - null
[2019-01-06T15:25:17.706] [DEBUG] cheese - null
[2019-01-06T15:27:37.947] [DEBUG] cheese - null
[2019-01-06T15:27:37.954] [DEBUG] cheese - null
[2019-01-06T15:28:20.572] [DEBUG] cheese - null
[2019-01-06T15:28:20.578] [DEBUG] cheese - null
[2019-01-06T15:29:29.519] [DEBUG] cheese - null
[2019-01-06T15:29:29.525] [DEBUG] cheese - null
[2019-01-06T15:29:38.062] [DEBUG] cheese - null
[2019-01-06T15:29:38.074] [DEBUG] cheese - null
[2019-01-06T15:29:39.937] [DEBUG] cheese - null
[2019-01-06T15:29:39.944] [DEBUG] cheese - null
[2019-01-06T15:30:08.433] [DEBUG] cheese - null
[2019-01-06T15:30:08.444] [DEBUG] cheese - null
[2019-01-06T15:33:21.235] [DEBUG] cheese - null
[2019-01-06T15:33:21.244] [DEBUG] cheese - null
[2019-01-06T15:33:24.379] [DEBUG] cheese - null
[2019-01-06T15:33:24.389] [DEBUG] cheese - null
[2019-01-06T15:34:04.792] [DEBUG] cheese - null
[2019-01-06T15:34:04.799] [DEBUG] cheese - null
[2019-01-06T15:34:09.620] [DEBUG] cheese - null
[2019-01-06T15:34:09.629] [DEBUG] cheese - null
[2019-01-06T15:37:49.941] [DEBUG] cheese - null
[2019-01-06T15:37:49.947] [DEBUG] cheese - null
[2019-01-06T15:37:54.809] [DEBUG] cheese - null
[2019-01-06T15:37:54.818] [DEBUG] cheese - null
[2019-01-06T15:38:37.110] [DEBUG] cheese - null
[2019-01-06T15:38:37.118] [DEBUG] cheese - null
[2019-01-06T15:38:40.856] [DEBUG] cheese - null
[2019-01-06T15:38:40.866] [DEBUG] cheese - null
[2019-01-06T15:43:00.830] [DEBUG] cheese - null
[2019-01-06T15:43:00.837] [DEBUG] cheese - null
[2019-01-06T15:44:20.309] [DEBUG] cheese - null
[2019-01-06T15:44:20.317] [DEBUG] cheese - null
[2019-01-06T15:44:50.338] [DEBUG] cheese - null
[2019-01-06T15:44:50.346] [DEBUG] cheese - null
[2019-01-06T15:44:59.810] [DEBUG] cheese - null
[2019-01-06T15:44:59.820] [DEBUG] cheese - null
[2019-01-06T15:45:01.656] [DEBUG] cheese - null
[2019-01-06T15:45:01.666] [DEBUG] cheese - null
[2019-01-06T15:45:16.787] [DEBUG] cheese - null
[2019-01-06T15:45:16.793] [DEBUG] cheese - null
[2019-01-06T15:45:17.916] [DEBUG] cheese - null
[2019-01-06T15:45:17.927] [DEBUG] cheese - null
[2019-01-06T15:45:28.573] [DEBUG] cheese - null
[2019-01-06T15:45:28.582] [DEBUG] cheese - null
[2019-01-06T15:45:30.589] [DEBUG] cheese - null
[2019-01-06T15:45:30.596] [DEBUG] cheese - null
[2019-01-06T15:46:24.677] [DEBUG] cheese - null
[2019-01-06T15:46:24.686] [DEBUG] cheese - null
[2019-01-06T15:47:02.090] [DEBUG] cheese - null
[2019-01-06T15:47:02.098] [DEBUG] cheese - null
[2019-01-06T15:48:50.481] [DEBUG] cheese - null
[2019-01-06T15:48:50.494] [DEBUG] cheese - null
[2019-01-06T15:48:51.540] [DEBUG] cheese - null
[2019-01-06T15:48:51.548] [DEBUG] cheese - null
[2019-01-06T15:49:39.560] [DEBUG] cheese - null
[2019-01-06T15:49:39.567] [DEBUG] cheese - null
[2019-01-06T15:49:40.916] [DEBUG] cheese - null
[2019-01-06T15:49:40.926] [DEBUG] cheese - null
[2019-01-06T15:51:57.932] [DEBUG] cheese - null
[2019-01-06T15:51:57.940] [DEBUG] cheese - null
[2019-01-06T15:52:00.747] [DEBUG] cheese - null
[2019-01-06T15:52:00.757] [DEBUG] cheese - null
[2019-01-06T15:54:24.074] [DEBUG] cheese - null
[2019-01-06T15:54:24.082] [DEBUG] cheese - null
[2019-01-06T15:54:47.457] [DEBUG] cheese - null
[2019-01-06T15:54:47.467] [DEBUG] cheese - null
[2019-01-06T15:57:45.885] [DEBUG] cheese - null
[2019-01-06T15:57:45.892] [DEBUG] cheese - null
[2019-01-06T15:57:47.207] [DEBUG] cheese - null
[2019-01-06T15:57:47.214] [DEBUG] cheese - null
[2019-01-06T15:57:49.431] [DEBUG] cheese - null
[2019-01-06T15:57:49.439] [DEBUG] cheese - null
[2019-01-06T15:59:34.062] [DEBUG] cheese - null
[2019-01-06T15:59:34.074] [DEBUG] cheese - null
[2019-01-06T15:59:38.136] [DEBUG] cheese - null
[2019-01-06T15:59:38.143] [DEBUG] cheese - null
[2019-01-06T16:00:25.185] [DEBUG] cheese - null
[2019-01-06T16:00:25.196] [DEBUG] cheese - null
[2019-01-06T16:00:26.477] [DEBUG] cheese - null
[2019-01-06T16:00:26.484] [DEBUG] cheese - null
[2019-01-06T16:00:27.448] [DEBUG] cheese - null
[2019-01-06T16:00:27.456] [DEBUG] cheese - null
[2019-01-06T16:00:54.934] [DEBUG] cheese - null
[2019-01-06T16:00:54.940] [DEBUG] cheese - null
[2019-01-06T16:05:17.747] [DEBUG] cheese - null
[2019-01-06T16:05:17.758] [DEBUG] cheese - null
[2019-01-06T16:05:18.774] [DEBUG] cheese - null
[2019-01-06T16:05:18.782] [DEBUG] cheese - null
[2019-01-06T16:05:39.923] [DEBUG] cheese - null
[2019-01-06T16:05:39.929] [DEBUG] cheese - null
[2019-01-06T16:05:48.008] [DEBUG] cheese - null
[2019-01-06T16:05:48.015] [DEBUG] cheese - null
[2019-01-06T16:05:49.116] [DEBUG] cheese - null
[2019-01-06T16:05:49.124] [DEBUG] cheese - null
[2019-01-06T16:07:12.799] [DEBUG] cheese - null
[2019-01-06T16:07:12.805] [DEBUG] cheese - null
[2019-01-06T16:07:29.315] [DEBUG] cheese - null
[2019-01-06T16:07:29.322] [DEBUG] cheese - null
[2019-01-06T16:07:52.462] [DEBUG] cheese - null
[2019-01-06T16:07:52.469] [DEBUG] cheese - null
[2019-01-06T16:11:25.632] [DEBUG] cheese - null
[2019-01-06T16:11:25.640] [DEBUG] cheese - null
[2019-01-06T16:12:52.615] [DEBUG] cheese - null
[2019-01-06T16:12:52.623] [DEBUG] cheese - null
[2019-01-06T16:12:53.492] [DEBUG] cheese - null
[2019-01-06T16:12:53.498] [DEBUG] cheese - null
[2019-01-06T16:32:37.445] [DEBUG] cheese - null
[2019-01-06T16:32:37.455] [DEBUG] cheese - null
[2019-01-06T16:39:40.937] [DEBUG] cheese - null
[2019-01-06T16:39:40.945] [DEBUG] cheese - null
[2019-01-06T16:40:23.750] [DEBUG] cheese - null
[2019-01-06T16:40:23.757] [DEBUG] cheese - null
[2019-01-06T16:40:31.592] [DEBUG] cheese - null
[2019-01-06T16:40:31.603] [DEBUG] cheese - null
[2019-01-06T16:40:32.272] [DEBUG] cheese - null
[2019-01-06T16:40:32.278] [DEBUG] cheese - null
[2019-01-06T16:43:09.433] [DEBUG] cheese - null
[2019-01-06T16:43:09.442] [DEBUG] cheese - null
[2019-01-06T16:43:11.539] [DEBUG] cheese - null
[2019-01-06T16:43:11.548] [DEBUG] cheese - null
[2019-01-06T16:43:12.116] [DEBUG] cheese - null
[2019-01-06T16:43:12.122] [DEBUG] cheese - null
[2019-01-06T16:46:55.640] [DEBUG] cheese - null
[2019-01-06T16:46:55.645] [DEBUG] cheese - null
[2019-01-06T16:47:40.591] [DEBUG] cheese - null
[2019-01-06T16:47:40.599] [DEBUG] cheese - null
[2019-01-06T16:52:57.646] [DEBUG] cheese - null
[2019-01-06T16:52:57.653] [DEBUG] cheese - null
[2019-01-06T16:58:24.440] [DEBUG] cheese - null
[2019-01-06T16:58:24.448] [DEBUG] cheese - null
[2019-01-06T16:59:14.309] [DEBUG] cheese - null
[2019-01-06T16:59:14.317] [DEBUG] cheese - null
[2019-01-06T16:59:19.117] [DEBUG] cheese - null
[2019-01-06T16:59:19.126] [DEBUG] cheese - null
[2019-01-06T16:59:19.750] [DEBUG] cheese - null
[2019-01-06T16:59:19.756] [DEBUG] cheese - null
[2019-01-06T16:59:59.100] [DEBUG] cheese - null
[2019-01-06T16:59:59.109] [DEBUG] cheese - null
[2019-01-06T17:00:02.500] [DEBUG] cheese - null
[2019-01-06T17:00:02.508] [DEBUG] cheese - null
[2019-01-06T17:00:03.135] [DEBUG] cheese - null
[2019-01-06T17:00:03.143] [DEBUG] cheese - null
[2019-01-06T17:02:14.099] [DEBUG] cheese - null
[2019-01-06T17:02:14.109] [DEBUG] cheese - null
[2019-01-06T17:02:17.691] [DEBUG] cheese - null
[2019-01-06T17:02:17.698] [DEBUG] cheese - null
[2019-01-06T17:02:19.909] [DEBUG] cheese - null
[2019-01-06T17:02:19.916] [DEBUG] cheese - null
[2019-01-06T17:04:13.993] [DEBUG] cheese - null
[2019-01-06T17:04:13.999] [DEBUG] cheese - null
[2019-01-06T17:05:10.451] [DEBUG] cheese - null
[2019-01-06T17:05:10.457] [DEBUG] cheese - null
[2019-01-06T17:05:40.736] [DEBUG] cheese - null
[2019-01-06T17:05:40.743] [DEBUG] cheese - null
[2019-01-06T17:11:22.068] [DEBUG] cheese - null
[2019-01-06T17:11:22.076] [DEBUG] cheese - null
[2019-01-06T17:11:23.460] [DEBUG] cheese - null
[2019-01-06T17:11:23.467] [DEBUG] cheese - null
[2019-01-06T17:11:24.109] [DEBUG] cheese - null
[2019-01-06T17:11:24.116] [DEBUG] cheese - null
[2019-01-06T17:12:06.963] [DEBUG] cheese - null
[2019-01-06T17:12:06.970] [DEBUG] cheese - null
[2019-01-06T17:12:07.601] [DEBUG] cheese - null
[2019-01-06T17:12:07.610] [DEBUG] cheese - null
[2019-01-06T17:13:18.179] [DEBUG] cheese - null
[2019-01-06T17:13:18.186] [DEBUG] cheese - null
[2019-01-06T17:13:19.628] [DEBUG] cheese - null
[2019-01-06T17:13:19.636] [DEBUG] cheese - null
[2019-01-06T17:13:20.274] [DEBUG] cheese - null
[2019-01-06T17:13:20.283] [DEBUG] cheese - null
[2019-01-06T17:14:20.506] [DEBUG] cheese - null
[2019-01-06T17:14:20.518] [DEBUG] cheese - null
[2019-01-06T17:14:23.882] [DEBUG] cheese - null
[2019-01-06T17:14:23.889] [DEBUG] cheese - null
[2019-01-06T17:15:57.252] [DEBUG] cheese - null
[2019-01-06T17:15:57.263] [DEBUG] cheese - null
[2019-01-06T17:15:59.147] [DEBUG] cheese - null
[2019-01-06T17:15:59.156] [DEBUG] cheese - null
[2019-01-06T17:16:00.074] [DEBUG] cheese - null
[2019-01-06T17:16:00.082] [DEBUG] cheese - null
[2019-01-06T17:17:24.830] [DEBUG] cheese - null
[2019-01-06T17:17:24.837] [DEBUG] cheese - null
[2019-01-06T17:17:26.109] [DEBUG] cheese - null
[2019-01-06T17:17:26.118] [DEBUG] cheese - null
[2019-01-06T17:17:26.907] [DEBUG] cheese - null
[2019-01-06T17:17:26.915] [DEBUG] cheese - null
[2019-01-06T17:18:05.745] [DEBUG] cheese - null
[2019-01-06T17:18:05.763] [DEBUG] cheese - null
[2019-01-06T17:20:04.712] [DEBUG] cheese - null
[2019-01-06T17:20:04.721] [DEBUG] cheese - null
[2019-01-06T17:20:07.437] [DEBUG] cheese - null
[2019-01-06T17:20:07.445] [DEBUG] cheese - null
[2019-01-06T17:20:07.974] [DEBUG] cheese - null
[2019-01-06T17:20:07.983] [DEBUG] cheese - null
[2019-01-06T17:20:10.230] [DEBUG] cheese - null
[2019-01-06T17:20:10.235] [DEBUG] cheese - null
[2019-01-06T17:22:26.897] [DEBUG] cheese - null
[2019-01-06T17:22:26.905] [DEBUG] cheese - null
[2019-01-06T17:22:43.400] [DEBUG] cheese - null
[2019-01-06T17:22:43.409] [DEBUG] cheese - null
[2019-01-06T17:22:50.559] [DEBUG] cheese - null
[2019-01-06T17:22:50.566] [DEBUG] cheese - null
[2019-01-06T17:23:08.592] [DEBUG] cheese - null
[2019-01-06T17:23:08.598] [DEBUG] cheese - null
[2019-01-06T17:23:08.611] [DEBUG] cheese - null
[2019-01-06T17:23:34.795] [DEBUG] cheese - null
[2019-01-06T17:23:34.802] [DEBUG] cheese - null
[2019-01-06T17:24:02.162] [DEBUG] cheese - null
[2019-01-06T17:24:02.174] [DEBUG] cheese - null
[2019-01-06T17:24:04.336] [DEBUG] cheese - null
[2019-01-06T17:24:04.342] [DEBUG] cheese - null
[2019-01-06T17:24:30.469] [DEBUG] cheese - null
[2019-01-06T17:24:30.476] [DEBUG] cheese - null
[2019-01-06T17:24:30.484] [DEBUG] cheese - null
[2019-01-06T17:24:31.003] [DEBUG] cheese - null
[2019-01-06T17:24:31.010] [DEBUG] cheese - null
[2019-01-06T17:25:17.988] [DEBUG] cheese - null
[2019-01-06T17:25:17.998] [DEBUG] cheese - null
[2019-01-06T17:26:02.632] [DEBUG] cheese - null
[2019-01-06T17:26:02.643] [DEBUG] cheese - null
[2019-01-06T17:26:04.253] [DEBUG] cheese - null
[2019-01-06T17:26:04.261] [DEBUG] cheese - null
[2019-01-06T17:26:20.705] [DEBUG] cheese - null
[2019-01-06T17:26:20.714] [DEBUG] cheese - null
[2019-01-06T17:26:20.780] [DEBUG] cheese - null
[2019-01-06T17:26:21.093] [DEBUG] cheese - null
[2019-01-06T17:26:21.102] [DEBUG] cheese - null
[2019-01-06T17:37:24.991] [DEBUG] cheese - null
[2019-01-06T17:37:24.997] [DEBUG] cheese - null
[2019-01-06T17:38:00.346] [DEBUG] cheese - null
[2019-01-06T17:38:00.356] [DEBUG] cheese - null
[2019-01-06T17:39:07.895] [DEBUG] cheese - null
[2019-01-06T17:39:07.906] [DEBUG] cheese - null
[2019-01-06T17:40:32.104] [DEBUG] cheese - null
[2019-01-06T17:40:32.114] [DEBUG] cheese - null
[2019-01-06T17:41:10.885] [DEBUG] cheese - null
[2019-01-06T17:41:10.892] [DEBUG] cheese - null
[2019-01-06T17:41:57.071] [DEBUG] cheese - null
[2019-01-06T17:41:57.078] [DEBUG] cheese - null
[2019-01-06T17:47:23.735] [DEBUG] cheese - null
[2019-01-06T17:47:23.746] [DEBUG] cheese - null
[2019-01-06T17:47:45.662] [DEBUG] cheese - null
[2019-01-06T17:47:45.670] [DEBUG] cheese - null
[2019-01-06T17:49:02.387] [DEBUG] cheese - null
[2019-01-06T17:49:02.398] [DEBUG] cheese - null
[2019-01-06T17:49:05.744] [DEBUG] cheese - null
[2019-01-06T17:49:05.750] [DEBUG] cheese - null
[2019-01-06T17:49:06.622] [DEBUG] cheese - null
[2019-01-06T17:49:06.629] [DEBUG] cheese - null
[2019-01-06T17:49:09.963] [DEBUG] cheese - null
[2019-01-06T17:49:09.971] [DEBUG] cheese - null
[2019-01-06T17:49:12.896] [DEBUG] cheese - null
[2019-01-06T17:49:12.906] [DEBUG] cheese - null
[2019-01-06T17:49:20.307] [DEBUG] cheese - null
[2019-01-06T17:49:20.313] [DEBUG] cheese - null
[2019-01-08T09:27:41.588] [DEBUG] cheese - login => username:admin,password:123456
[2019-01-08T09:27:41.594] [DEBUG] cheese - admin
[2019-01-08T09:27:41.660] [DEBUG] cheese - null
[2019-01-08T09:27:41.661] [DEBUG] cheese - null
[2019-01-08T09:27:48.683] [DEBUG] cheese - null
[2019-01-08T09:27:48.690] [DEBUG] cheese - null
[2019-01-08T09:32:04.784] [DEBUG] cheese - null
[2019-01-08T09:32:04.792] [DEBUG] cheese - null
[2019-01-08T09:32:34.786] [DEBUG] cheese - null
[2019-01-08T09:32:34.795] [DEBUG] cheese - null
[2019-01-08T09:32:42.196] [DEBUG] cheese - null
[2019-01-08T09:32:42.228] [DEBUG] cheese - null
[2019-01-08T09:35:46.936] [DEBUG] cheese - null
[2019-01-08T09:35:46.942] [DEBUG] cheese - null
[2019-01-08T09:37:47.973] [DEBUG] cheese - null
[2019-01-08T09:37:47.982] [DEBUG] cheese - null
[2019-01-08T09:38:05.043] [DEBUG] cheese - null
[2019-01-08T09:38:05.050] [DEBUG] cheese - null
[2019-01-08T09:38:22.353] [DEBUG] cheese - null
[2019-01-08T09:38:22.367] [DEBUG] cheese - null
[2019-01-08T09:38:40.373] [DEBUG] cheese - null
[2019-01-08T09:38:40.396] [DEBUG] cheese - null
[2019-01-08T09:38:44.527] [DEBUG] cheese - null
[2019-01-08T09:38:44.535] [DEBUG] cheese - null
[2019-01-08T09:39:28.157] [DEBUG] cheese - null
[2019-01-08T09:39:28.164] [DEBUG] cheese - null
[2019-01-08T09:39:57.038] [DEBUG] cheese - null
[2019-01-08T09:39:57.045] [DEBUG] cheese - null
[2019-01-08T09:40:53.591] [DEBUG] cheese - null
[2019-01-08T09:40:53.602] [DEBUG] cheese - null
[2019-01-08T09:42:07.171] [DEBUG] cheese - null
[2019-01-08T09:42:07.179] [DEBUG] cheese - null
[2019-01-08T09:42:29.846] [DEBUG] cheese - null
[2019-01-08T09:42:29.855] [DEBUG] cheese - null
[2019-01-08T09:42:40.389] [DEBUG] cheese - null
[2019-01-08T09:42:40.400] [DEBUG] cheese - null
[2019-01-08T09:42:46.734] [DEBUG] cheese - null
[2019-01-08T09:42:46.743] [DEBUG] cheese - null
[2019-01-08T09:52:15.456] [DEBUG] cheese - null
[2019-01-08T09:52:15.464] [DEBUG] cheese - null
[2019-01-08T09:53:26.390] [DEBUG] cheese - null
[2019-01-08T09:53:26.398] [DEBUG] cheese - null
[2019-01-08T09:54:59.800] [DEBUG] cheese - null
[2019-01-08T09:54:59.809] [DEBUG] cheese - null
[2019-01-08T09:56:01.448] [DEBUG] cheese - null
[2019-01-08T09:56:01.456] [DEBUG] cheese - null
[2019-01-08T09:57:47.473] [DEBUG] cheese - null
[2019-01-08T09:57:47.482] [DEBUG] cheese - null
[2019-01-08T09:57:57.718] [DEBUG] cheese - null
[2019-01-08T09:57:57.729] [DEBUG] cheese - null
[2019-01-08T09:58:44.288] [DEBUG] cheese - null
[2019-01-08T09:58:44.298] [DEBUG] cheese - null
[2019-01-08T09:59:21.739] [DEBUG] cheese - null
[2019-01-08T09:59:21.748] [DEBUG] cheese - null
[2019-01-08T10:00:01.313] [DEBUG] cheese - null
[2019-01-08T10:00:01.324] [DEBUG] cheese - null
[2019-01-08T10:00:07.572] [DEBUG] cheese - null
[2019-01-08T10:00:07.581] [DEBUG] cheese - null
[2019-01-08T10:00:49.109] [DEBUG] cheese - null
[2019-01-08T10:00:49.124] [DEBUG] cheese - null
[2019-01-08T10:01:33.457] [DEBUG] cheese - null
[2019-01-08T10:01:33.466] [DEBUG] cheese - null
[2019-01-08T10:02:19.580] [DEBUG] cheese - null
[2019-01-08T10:02:19.587] [DEBUG] cheese - null
[2019-01-08T10:02:41.831] [DEBUG] cheese - null
[2019-01-08T10:02:41.839] [DEBUG] cheese - null
[2019-01-08T17:46:46.017] [DEBUG] cheese - null
[2019-01-08T17:46:46.025] [DEBUG] cheese - null
[2019-01-08T17:47:07.735] [DEBUG] cheese - null
[2019-01-08T17:47:07.743] [DEBUG] cheese - null
[2019-01-08T17:47:20.313] [DEBUG] cheese - null
[2019-01-08T17:47:20.326] [DEBUG] cheese - null
[2019-01-08T17:47:46.586] [DEBUG] cheese - null
[2019-01-08T17:47:46.599] [DEBUG] cheese - null
[2019-01-08T17:49:11.518] [DEBUG] cheese - null
[2019-01-08T17:49:11.528] [DEBUG] cheese - null
[2019-01-08T17:53:04.650] [DEBUG] cheese - null
[2019-01-08T17:53:04.662] [DEBUG] cheese - null
[2019-01-08T17:55:08.130] [DEBUG] cheese - null
[2019-01-08T17:55:08.142] [DEBUG] cheese - null
[2019-01-08T17:55:12.316] [DEBUG] cheese - null
[2019-01-08T17:55:12.326] [DEBUG] cheese - null
[2019-01-08T17:56:18.289] [DEBUG] cheese - null
[2019-01-08T17:56:18.295] [DEBUG] cheese - null
[2019-01-08T17:56:19.017] [DEBUG] cheese - null
[2019-01-08T17:56:19.030] [DEBUG] cheese - null
[2019-01-08T17:56:59.204] [DEBUG] cheese - null
[2019-01-08T17:56:59.213] [DEBUG] cheese - null
[2019-01-08T17:57:24.402] [DEBUG] cheese - null
[2019-01-08T17:57:24.410] [DEBUG] cheese - null
[2019-01-08T17:57:28.251] [DEBUG] cheese - null
[2019-01-08T17:57:28.262] [DEBUG] cheese - null
[2019-01-08T17:58:54.686] [DEBUG] cheese - null
[2019-01-08T17:58:54.695] [DEBUG] cheese - null
[2019-01-08T17:59:34.137] [DEBUG] cheese - null
[2019-01-08T17:59:34.146] [DEBUG] cheese - null
[2019-01-08T18:00:49.974] [DEBUG] cheese - null
[2019-01-08T18:00:49.984] [DEBUG] cheese - null
[2019-01-08T18:00:52.944] [DEBUG] cheese - null
[2019-01-08T18:00:52.952] [DEBUG] cheese - null
[2019-01-08T18:02:35.842] [DEBUG] cheese - null
[2019-01-08T18:02:35.851] [DEBUG] cheese - null
[2019-01-08T18:02:39.227] [DEBUG] cheese - null
[2019-01-08T18:02:39.238] [DEBUG] cheese - null
[2019-01-08T18:02:44.385] [DEBUG] cheese - null
[2019-01-08T18:02:44.393] [DEBUG] cheese - null
[2019-01-08T18:02:52.447] [DEBUG] cheese - null
[2019-01-08T18:02:52.460] [DEBUG] cheese - null
[2019-01-08T18:02:56.909] [DEBUG] cheese - null
[2019-01-08T18:02:56.915] [DEBUG] cheese - null
[2019-01-08T18:06:58.573] [DEBUG] cheese - null
[2019-01-08T18:06:58.582] [DEBUG] cheese - null
[2019-01-08T18:07:25.812] [DEBUG] cheese - null
[2019-01-08T18:07:25.821] [DEBUG] cheese - null
[2019-01-08T18:08:03.908] [DEBUG] cheese - null
[2019-01-08T18:08:03.923] [DEBUG] cheese - null
[2019-01-08T18:10:44.264] [DEBUG] cheese - null
[2019-01-08T18:10:44.271] [DEBUG] cheese - null
[2019-01-08T18:10:51.594] [DEBUG] cheese - null
[2019-01-08T18:10:51.602] [DEBUG] cheese - null
[2019-01-08T18:11:39.667] [DEBUG] cheese - null
[2019-01-08T18:11:39.674] [DEBUG] cheese - null
[2019-01-08T18:11:42.937] [DEBUG] cheese - null
[2019-01-08T18:11:42.953] [DEBUG] cheese - null
[2019-01-08T18:38:33.335] [DEBUG] cheese - null
[2019-01-08T18:38:33.342] [DEBUG] cheese - null
[2019-01-08T18:40:54.305] [DEBUG] cheese - null
[2019-01-08T18:40:54.316] [DEBUG] cheese - null
[2019-01-08T18:40:59.448] [DEBUG] cheese - null
[2019-01-08T18:40:59.457] [DEBUG] cheese - null
[2019-01-08T18:41:04.945] [DEBUG] cheese - null
[2019-01-08T18:41:04.959] [DEBUG] cheese - null
[2019-01-08T18:41:13.127] [DEBUG] cheese - null
[2019-01-08T18:41:13.135] [DEBUG] cheese - null
[2019-01-08T18:41:49.235] [DEBUG] cheese - null
[2019-01-08T18:41:49.242] [DEBUG] cheese - null
[2019-01-08T18:41:53.561] [DEBUG] cheese - null
[2019-01-08T18:41:53.567] [DEBUG] cheese - null
[2019-01-08T18:41:55.294] [DEBUG] cheese - null
[2019-01-08T18:41:55.301] [DEBUG] cheese - null
[2019-01-08T18:42:16.679] [DEBUG] cheese - null
[2019-01-08T18:42:16.690] [DEBUG] cheese - null
[2019-01-08T18:43:43.587] [DEBUG] cheese - null
[2019-01-08T18:43:43.594] [DEBUG] cheese - null
[2019-01-08T18:44:53.387] [DEBUG] cheese - null
[2019-01-08T18:44:53.394] [DEBUG] cheese - null
[2019-01-08T18:49:00.390] [DEBUG] cheese - null
[2019-01-08T18:49:00.396] [DEBUG] cheese - null
[2019-01-08T18:49:54.330] [DEBUG] cheese - null
[2019-01-08T18:49:54.338] [DEBUG] cheese - null
[2019-01-08T18:51:15.753] [DEBUG] cheese - null
[2019-01-08T18:51:15.761] [DEBUG] cheese - null
[2019-01-08T18:52:47.044] [DEBUG] cheese - null
[2019-01-08T18:52:47.052] [DEBUG] cheese - null
[2019-01-08T18:53:47.494] [DEBUG] cheese - null
[2019-01-08T18:53:47.508] [DEBUG] cheese - null
[2019-01-08T18:55:45.779] [DEBUG] cheese - null
[2019-01-08T18:55:45.792] [DEBUG] cheese - null
[2019-01-08T18:56:07.778] [DEBUG] cheese - null
[2019-01-08T18:56:07.790] [DEBUG] cheese - null
[2019-01-08T18:57:15.411] [DEBUG] cheese - null
[2019-01-08T18:57:15.418] [DEBUG] cheese - null
[2019-01-08T18:57:26.270] [DEBUG] cheese - null
[2019-01-08T18:57:26.276] [DEBUG] cheese - null
[2019-01-08T18:59:36.929] [DEBUG] cheese - null
[2019-01-08T18:59:36.934] [DEBUG] cheese - null
[2019-01-08T18:59:45.290] [DEBUG] cheese - null
[2019-01-08T18:59:45.299] [DEBUG] cheese - null
[2019-01-08T19:01:34.712] [DEBUG] cheese - null
[2019-01-08T19:01:34.719] [DEBUG] cheese - null
[2019-01-08T19:02:48.878] [DEBUG] cheese - null
[2019-01-08T19:02:48.886] [DEBUG] cheese - null
[2019-01-08T19:02:54.358] [DEBUG] cheese - null
[2019-01-08T19:02:54.367] [DEBUG] cheese - null
[2019-01-08T19:07:40.717] [DEBUG] cheese - null
[2019-01-08T19:07:40.729] [DEBUG] cheese - null
[2019-01-08T19:07:46.266] [DEBUG] cheese - null
[2019-01-08T19:07:46.273] [DEBUG] cheese - null
[2019-01-08T19:27:03.835] [DEBUG] cheese - null
[2019-01-08T19:27:03.841] [DEBUG] cheese - null
[2019-01-08T19:38:51.408] [DEBUG] cheese - null
[2019-01-08T19:38:51.415] [DEBUG] cheese - null
[2019-01-08T19:56:48.883] [DEBUG] cheese - null
[2019-01-08T19:56:48.892] [DEBUG] cheese - null
[2019-01-08T19:56:51.911] [DEBUG] cheese - null
[2019-01-08T19:56:51.917] [DEBUG] cheese - null
[2019-01-08T19:57:13.999] [DEBUG] cheese - null
[2019-01-08T19:57:14.005] [DEBUG] cheese - null
[2019-01-08T19:57:14.218] [DEBUG] cheese - null
[2019-01-08T19:57:14.225] [DEBUG] cheese - null
[2019-01-08T19:57:25.913] [DEBUG] cheese - null
[2019-01-08T19:57:25.919] [DEBUG] cheese - null
[2019-01-08T19:57:44.350] [DEBUG] cheese - null
[2019-01-08T19:57:44.357] [DEBUG] cheese - null
[2019-01-08T19:57:44.477] [DEBUG] cheese - null
[2019-01-08T19:57:44.489] [DEBUG] cheese - null
[2019-01-08T20:00:59.007] [DEBUG] cheese - null
[2019-01-08T20:00:59.015] [DEBUG] cheese - null
[2019-01-08T20:06:54.416] [DEBUG] cheese - null
[2019-01-08T20:06:54.424] [DEBUG] cheese - null
[2019-01-08T20:11:57.173] [DEBUG] cheese - null
[2019-01-08T20:11:57.181] [DEBUG] cheese - null
[2019-01-08T20:31:34.014] [DEBUG] cheese - null
[2019-01-08T20:31:34.020] [DEBUG] cheese - null
[2019-01-08T20:32:17.031] [DEBUG] cheese - null
[2019-01-08T20:32:17.040] [DEBUG] cheese - null
[2019-01-08T20:37:24.386] [DEBUG] cheese - null
[2019-01-08T20:37:24.396] [DEBUG] cheese - null
[2019-01-08T20:37:48.075] [DEBUG] cheese - null
[2019-01-08T20:37:48.087] [DEBUG] cheese - null
[2019-01-08T20:37:52.868] [DEBUG] cheese - null
[2019-01-08T20:37:52.875] [DEBUG] cheese - null
[2019-01-09T08:38:28.660] [DEBUG] cheese - null
[2019-01-09T08:38:28.677] [DEBUG] cheese - null
[2019-01-09T08:44:11.879] [DEBUG] cheese - null
[2019-01-09T08:44:11.887] [DEBUG] cheese - null
[2019-01-09T08:44:17.170] [DEBUG] cheese - null
[2019-01-09T08:44:17.185] [DEBUG] cheese - null
[2019-01-09T08:44:20.339] [DEBUG] cheese - null
[2019-01-09T08:44:20.350] [DEBUG] cheese - null
[2019-01-09T08:44:24.575] [DEBUG] cheese - null
[2019-01-09T08:44:24.585] [DEBUG] cheese - null
[2019-01-09T08:52:47.892] [DEBUG] cheese - null
[2019-01-09T08:52:47.899] [DEBUG] cheese - null
[2019-01-09T15:23:25.597] [DEBUG] cheese - login => username:admin,password:123456
[2019-01-09T15:23:25.597] [DEBUG] cheese - admin
[2019-01-09T15:23:25.604] [DEBUG] cheese - null
[2019-01-09T15:23:25.605] [DEBUG] cheese - null
[2019-01-09T15:23:30.362] [DEBUG] cheese - null
[2019-01-09T15:23:30.373] [DEBUG] cheese - null
[2019-01-09T15:23:35.304] [DEBUG] cheese - null
[2019-01-09T15:23:35.315] [DEBUG] cheese - null
[2019-01-09T16:54:43.515] [DEBUG] cheese - null
[2019-01-09T16:54:43.523] [DEBUG] cheese - null
[2019-01-09T16:54:46.357] [DEBUG] cheese - null
[2019-01-09T16:54:46.366] [DEBUG] cheese - null
[2019-01-09T16:54:47.743] [DEBUG] cheese - null
[2019-01-09T16:54:47.750] [DEBUG] cheese - null
[2019-01-09T17:00:02.783] [DEBUG] cheese - login => username:admin,password:123456
[2019-01-09T17:00:02.783] [DEBUG] cheese - admin
[2019-01-09T17:00:02.789] [DEBUG] cheese - null
[2019-01-09T17:00:02.790] [DEBUG] cheese - null
[2019-01-09T17:00:05.983] [DEBUG] cheese - null
[2019-01-09T17:00:05.990] [DEBUG] cheese - null
[2019-01-09T17:00:08.557] [DEBUG] cheese - null
[2019-01-09T17:00:08.569] [DEBUG] cheese - null
[2019-01-09T17:39:02.835] [DEBUG] cheese - login => username:admin,password:12345
[2019-01-09T17:39:02.835] [DEBUG] cheese - admin
[2019-01-09T17:39:02.845] [DEBUG] cheese - null
[2019-01-09T17:39:02.845] [DEBUG] cheese - null
[2019-01-09T17:39:06.072] [DEBUG] cheese - login => username:admin,password:123456
[2019-01-09T17:39:06.073] [DEBUG] cheese - admin
[2019-01-09T17:39:06.079] [DEBUG] cheese - null
[2019-01-09T17:39:06.079] [DEBUG] cheese - null
[2019-01-15T19:57:57.776] [DEBUG] cheese - login => username:admin,password:123456
[2019-01-15T19:57:57.782] [DEBUG] cheese - admin
[2019-01-15T19:57:57.853] [DEBUG] cheese - null
[2019-01-15T19:57:57.855] [DEBUG] cheese - null
[2019-01-15T19:58:48.769] [DEBUG] cheese - null
[2019-01-15T19:58:48.777] [DEBUG] cheese - null
[2019-01-15T20:02:18.219] [DEBUG] cheese - login => username:admin,password:123456
[2019-01-15T20:02:18.219] [DEBUG] cheese - admin
[2019-01-15T20:02:18.229] [DEBUG] cheese - null
[2019-01-15T20:02:18.229] [DEBUG] cheese - null
[2019-01-15T20:03:09.225] [DEBUG] cheese - null
[2019-01-15T20:03:09.233] [DEBUG] cheese - null
[2019-01-15T20:03:13.954] [DEBUG] cheese - null
[2019-01-15T20:03:13.962] [DEBUG] cheese - null
[2019-01-15T20:03:16.817] [DEBUG] cheese - null
[2019-01-15T20:03:16.825] [DEBUG] cheese - null
[2019-01-15T20:03:21.738] [DEBUG] cheese - null
[2019-01-15T20:03:21.749] [DEBUG] cheese - null
[2019-01-15T20:03:25.904] [DEBUG] cheese - null
[2019-01-15T20:03:25.917] [DEBUG] cheese - null
